{
  "RSpec": {
    "coverage": {
      "/home/jesper/Documents/ratebeer/app/helpers/application_helper.rb": [
        1,
        null
      ],
      "/home/jesper/Documents/ratebeer/app/helpers/beer_clubs_helper.rb": [
        1,
        null
      ],
      "/home/jesper/Documents/ratebeer/app/helpers/beers_helper.rb": [
        1,
        null
      ],
      "/home/jesper/Documents/ratebeer/app/helpers/breweries_helper.rb": [
        1,
        null
      ],
      "/home/jesper/Documents/ratebeer/app/helpers/memberships_helper.rb": [
        1,
        null
      ],
      "/home/jesper/Documents/ratebeer/app/helpers/styles_helper.rb": [
        1,
        null
      ],
      "/home/jesper/Documents/ratebeer/app/helpers/users_helper.rb": [
        1,
        null
      ],
      "/home/jesper/Documents/ratebeer/app/models/beer.rb": [
        1,
        1,
        null,
        1,
        1,
        null,
        1,
        1,
        1,
        1,
        null,
        1,
        0,
        null,
        0,
        null,
        null,
        1,
        7,
        null,
        null,
        1,
        8,
        1,
        null,
        null
      ],
      "/home/jesper/Documents/ratebeer/app/models/application_record.rb": [
        1,
        1,
        null
      ],
      "/home/jesper/Documents/ratebeer/app/models/concerns/rating_average.rb": [
        1,
        null,
        1,
        1,
        null,
        1,
        4,
        44,
        13,
        null,
        null,
        71,
        31,
        null,
        null,
        null
      ],
      "/home/jesper/Documents/ratebeer/app/models/user.rb": [
        1,
        1,
        null,
        1,
        null,
        1,
        null,
        1,
        null,
        null,
        1,
        1,
        1,
        1,
        null,
        1,
        16,
        null,
        7,
        null,
        null,
        1,
        21,
        null,
        12,
        null,
        null,
        1,
        16,
        null,
        7,
        null,
        null,
        1,
        0,
        null,
        null,
        1,
        2,
        1,
        null,
        null
      ],
      "/home/jesper/Documents/ratebeer/app/controllers/styles_controller.rb": [
        1,
        1,
        null,
        null,
        null,
        1,
        1,
        null,
        null,
        null,
        null,
        1,
        null,
        null,
        null,
        1,
        0,
        null,
        null,
        null,
        1,
        null,
        null,
        null,
        null,
        1,
        0,
        null,
        0,
        0,
        0,
        0,
        null,
        0,
        0,
        null,
        null,
        null,
        null,
        null,
        null,
        1,
        0,
        0,
        0,
        0,
        null,
        0,
        0,
        null,
        null,
        null,
        null,
        null,
        null,
        1,
        0,
        0,
        0,
        0,
        null,
        null,
        null,
        1,
        null,
        null,
        1,
        0,
        null,
        null,
        null,
        1,
        0,
        null,
        null
      ],
      "/home/jesper/Documents/ratebeer/app/controllers/application_controller.rb": [
        1,
        1,
        null,
        1,
        118,
        null,
        87,
        null,
        null,
        1,
        4,
        null,
        null
      ],
      "/home/jesper/Documents/ratebeer/app/models/brewery.rb": [
        1,
        1,
        null,
        1,
        1,
        null,
        56,
        null,
        1,
        1,
        null,
        4,
        4,
        null,
        1,
        0,
        0,
        0,
        null,
        null,
        1,
        0,
        0,
        null,
        null,
        1,
        8,
        null,
        null,
        1,
        7,
        1,
        null,
        null
      ],
      "/home/jesper/Documents/ratebeer/app/models/style.rb": [
        1,
        1,
        null,
        1,
        1,
        null,
        1,
        1,
        null,
        1,
        8,
        1,
        null,
        null
      ],
      "/home/jesper/Documents/ratebeer/app/controllers/sessions_controller.rb": [
        1,
        1,
        null,
        null,
        null,
        1,
        8,
        8,
        7,
        7,
        null,
        1,
        null,
        null,
        null,
        1,
        0,
        0,
        null,
        null
      ],
      "/home/jesper/Documents/ratebeer/app/controllers/users_controller.rb": [
        1,
        1,
        null,
        null,
        null,
        1,
        0,
        null,
        null,
        null,
        null,
        1,
        null,
        null,
        null,
        1,
        1,
        null,
        null,
        null,
        1,
        null,
        null,
        null,
        null,
        1,
        1,
        null,
        1,
        1,
        2,
        1,
        null,
        0,
        0,
        null,
        null,
        null,
        null,
        null,
        null,
        1,
        0,
        0,
        0,
        0,
        null,
        0,
        0,
        null,
        null,
        null,
        null,
        null,
        null,
        1,
        0,
        0,
        null,
        0,
        0,
        0,
        0,
        0,
        null,
        null,
        null,
        1,
        null,
        null,
        1,
        13,
        null,
        null,
        null,
        1,
        1,
        null,
        null
      ],
      "/home/jesper/Documents/ratebeer/app/models/rating.rb": [
        1,
        1,
        1,
        null,
        1,
        null,
        null,
        null,
        2,
        null,
        1,
        5,
        null,
        null
      ],
      "/home/jesper/Documents/ratebeer/app/models/membership.rb": [
        1,
        1,
        1,
        null
      ],
      "/home/jesper/Documents/ratebeer/app/models/beer_club.rb": [
        1,
        1,
        1,
        1,
        0,
        null,
        null
      ],
      "/home/jesper/Documents/ratebeer/app/controllers/beers_controller.rb": [
        1,
        1,
        1,
        1,
        null,
        null,
        null,
        1,
        1,
        null,
        null,
        null,
        null,
        1,
        0,
        0,
        null,
        null,
        null,
        1,
        2,
        null,
        null,
        null,
        1,
        null,
        null,
        null,
        null,
        1,
        2,
        null,
        2,
        2,
        2,
        1,
        null,
        1,
        2,
        1,
        null,
        null,
        null,
        null,
        null,
        null,
        1,
        0,
        0,
        0,
        0,
        null,
        0,
        0,
        null,
        null,
        null,
        null,
        null,
        null,
        1,
        0,
        0,
        0,
        0,
        null,
        null,
        null,
        1,
        null,
        null,
        1,
        0,
        null,
        null,
        null,
        1,
        2,
        null,
        null,
        1,
        4,
        4,
        null,
        null
      ],
      "/home/jesper/Documents/ratebeer/app/controllers/breweries_controller.rb": [
        1,
        1,
        1,
        null,
        null,
        null,
        1,
        3,
        3,
        null,
        null,
        null,
        null,
        1,
        null,
        null,
        null,
        1,
        0,
        null,
        null,
        null,
        1,
        null,
        null,
        null,
        null,
        1,
        0,
        null,
        0,
        0,
        0,
        0,
        null,
        0,
        0,
        null,
        null,
        null,
        null,
        null,
        null,
        1,
        0,
        0,
        0,
        0,
        null,
        0,
        0,
        null,
        null,
        null,
        null,
        null,
        null,
        1,
        0,
        0,
        0,
        0,
        null,
        null,
        null,
        1,
        null,
        null,
        1,
        1,
        null,
        null,
        null,
        1,
        0,
        null,
        null
      ],
      "/home/jesper/Documents/ratebeer/lib/weather_api.rb": [
        1,
        1,
        0,
        null,
        0,
        0,
        null,
        null,
        1,
        0,
        0,
        0,
        0,
        0,
        0,
        0,
        0,
        0,
        0,
        0,
        0,
        null,
        null,
        1,
        0,
        null,
        0,
        null,
        null
      ],
      "/home/jesper/Documents/ratebeer/lib/beermapping_api.rb": [
        1,
        1,
        5,
        null,
        5,
        9,
        null,
        null,
        1,
        4,
        null,
        4,
        4,
        null,
        4,
        null,
        3,
        3,
        4,
        null,
        null,
        null,
        1,
        0,
        null,
        0,
        null,
        null,
        1,
        0,
        0,
        null,
        0,
        0,
        null,
        0,
        0,
        null,
        null,
        1,
        4,
        null,
        4,
        null,
        null
      ],
      "/home/jesper/Documents/ratebeer/app/models/place.rb": [
        1,
        1,
        6,
        null,
        null
      ],
      "/home/jesper/Documents/ratebeer/app/controllers/places_controller.rb": [
        1,
        1,
        null,
        null,
        1,
        3,
        3,
        3,
        1,
        null,
        2,
        null,
        null,
        null,
        1,
        0,
        0,
        null,
        null
      ],
      "/home/jesper/Documents/ratebeer/app/controllers/ratings_controller.rb": [
        1,
        1,
        1,
        null,
        null,
        1,
        1,
        1,
        null,
        null,
        1,
        1,
        1,
        null,
        1,
        0,
        1,
        1,
        1,
        1,
        null,
        0,
        0,
        null,
        null,
        null,
        1,
        1,
        1,
        1,
        null,
        null
      ],
      "/home/jesper/Documents/ratebeer/app/jobs/application_job.rb": [
        0,
        0
      ],
      "/home/jesper/Documents/ratebeer/app/mailers/application_mailer.rb": [
        0,
        0,
        0,
        0
      ],
      "/home/jesper/Documents/ratebeer/app/channels/application_cable/channel.rb": [
        0,
        0,
        0,
        0
      ],
      "/home/jesper/Documents/ratebeer/app/channels/application_cable/connection.rb": [
        0,
        0,
        0,
        0
      ],
      "/home/jesper/Documents/ratebeer/app/controllers/beer_clubs_controller.rb": [
        0,
        0,
        0,
        null,
        null,
        null,
        0,
        0,
        0,
        null,
        null,
        null,
        0,
        0,
        0,
        0,
        0,
        0,
        null,
        null,
        0,
        0,
        0,
        null,
        null,
        0,
        0,
        null,
        null,
        null,
        0,
        0,
        null,
        0,
        0,
        0,
        0,
        0,
        0,
        0,
        0,
        0,
        0,
        null,
        null,
        null,
        0,
        0,
        0,
        0,
        0,
        0,
        0,
        0,
        0,
        0,
        0,
        null,
        null,
        null,
        0,
        0,
        0,
        0,
        0,
        0,
        0,
        null,
        0,
        null,
        null,
        0,
        0,
        0,
        null,
        null,
        0,
        0,
        0,
        0
      ],
      "/home/jesper/Documents/ratebeer/app/controllers/memberships_controller.rb": [
        0,
        0,
        null,
        null,
        null,
        0,
        0,
        0,
        null,
        null,
        null,
        0,
        0,
        null,
        null,
        0,
        0,
        0,
        0,
        null,
        null,
        0,
        0,
        null,
        null,
        null,
        0,
        0,
        0,
        0,
        0,
        0,
        null,
        0,
        0,
        0,
        0,
        0,
        0,
        null,
        0,
        0,
        0,
        0,
        0,
        null,
        null,
        null,
        0,
        0,
        0,
        0,
        0,
        0,
        0,
        0,
        0,
        0,
        0,
        null,
        null,
        null,
        0,
        0,
        0,
        0,
        0,
        0,
        0,
        0,
        null,
        0,
        null,
        null,
        0,
        0,
        0,
        null,
        null,
        0,
        0,
        0,
        0
      ]
    },
    "timestamp": 1539519471
  }
}
